13-May-2024 09:07:40.173 INFO [main] org.apache.catalina.startup.VersionLoggerListener.log Nom version serveur :              Apache Tomcat/10.1.19
13-May-2024 09:07:40.175 INFO [main] org.apache.catalina.startup.VersionLoggerListener.log Serveur compilé :                  Feb 14 2024 19:36:50 UTC
13-May-2024 09:07:40.176 INFO [main] org.apache.catalina.startup.VersionLoggerListener.log Version du serveur :               10.1.19.0
13-May-2024 09:07:40.176 INFO [main] org.apache.catalina.startup.VersionLoggerListener.log Nom de l'OS :                      Mac OS X
13-May-2024 09:07:40.176 INFO [main] org.apache.catalina.startup.VersionLoggerListener.log Version OS :                       14.4.1
13-May-2024 09:07:40.176 INFO [main] org.apache.catalina.startup.VersionLoggerListener.log Architecture :                     aarch64
13-May-2024 09:07:40.176 INFO [main] org.apache.catalina.startup.VersionLoggerListener.log Java Home :                        /Library/Java/JavaVirtualMachines/jdk-21.jdk/Contents/Home
13-May-2024 09:07:40.176 INFO [main] org.apache.catalina.startup.VersionLoggerListener.log Version JVM :                      21+35-LTS-2513
13-May-2024 09:07:40.176 INFO [main] org.apache.catalina.startup.VersionLoggerListener.log Fournisseur de la JVM :            Oracle Corporation
13-May-2024 09:07:40.176 INFO [main] org.apache.catalina.startup.VersionLoggerListener.log CATALINA_BASE :                    /Users/mac/Desktop/App EFM/src/main/webapp/TRANSPORT-APP
13-May-2024 09:07:40.176 INFO [main] org.apache.catalina.startup.VersionLoggerListener.log CATALINA_HOME :                    /Users/mac/Downloads/apache-tomcat-10.1.19
13-May-2024 09:07:40.184 INFO [main] org.apache.catalina.startup.VersionLoggerListener.log Argument de la ligne de commande : --add-opens=java.base/java.lang=ALL-UNNAMED
13-May-2024 09:07:40.184 INFO [main] org.apache.catalina.startup.VersionLoggerListener.log Argument de la ligne de commande : --add-opens=java.base/java.io=ALL-UNNAMED
13-May-2024 09:07:40.184 INFO [main] org.apache.catalina.startup.VersionLoggerListener.log Argument de la ligne de commande : --add-opens=java.base/java.util=ALL-UNNAMED
13-May-2024 09:07:40.184 INFO [main] org.apache.catalina.startup.VersionLoggerListener.log Argument de la ligne de commande : --add-opens=java.base/java.util.concurrent=ALL-UNNAMED
13-May-2024 09:07:40.184 INFO [main] org.apache.catalina.startup.VersionLoggerListener.log Argument de la ligne de commande : --add-opens=java.rmi/sun.rmi.transport=ALL-UNNAMED
13-May-2024 09:07:40.184 INFO [main] org.apache.catalina.startup.VersionLoggerListener.log Argument de la ligne de commande : -Dcatalina.home=/Users/mac/Downloads/apache-tomcat-10.1.19
13-May-2024 09:07:40.184 INFO [main] org.apache.catalina.startup.VersionLoggerListener.log Argument de la ligne de commande : -Dcatalina.base=/Users/mac/Desktop/App EFM/src/main/webapp/TRANSPORT-APP
13-May-2024 09:07:40.184 INFO [main] org.apache.catalina.startup.VersionLoggerListener.log Argument de la ligne de commande : -Djava.io.tmpdir=/Users/mac/Desktop/App EFM/src/main/webapp/TRANSPORT-APP/temp
13-May-2024 09:07:40.184 INFO [main] org.apache.catalina.startup.VersionLoggerListener.log Argument de la ligne de commande : -Djava.util.logging.config.file=/Users/mac/Desktop/App EFM/src/main/webapp/TRANSPORT-APP/conf/logging.properties
13-May-2024 09:07:40.184 INFO [main] org.apache.catalina.startup.VersionLoggerListener.log Argument de la ligne de commande : -Djava.util.logging.manager=org.apache.juli.ClassLoaderLogManager
13-May-2024 09:07:40.185 INFO [main] org.apache.catalina.startup.VersionLoggerListener.log Argument de la ligne de commande : -javaagent:/Applications/IntelliJ IDEA CE.app/Contents/lib/idea_rt.jar=59286:/Applications/IntelliJ IDEA CE.app/Contents/bin
13-May-2024 09:07:40.185 INFO [main] org.apache.catalina.startup.VersionLoggerListener.log Argument de la ligne de commande : -Dfile.encoding=UTF-8
13-May-2024 09:07:40.185 INFO [main] org.apache.catalina.startup.VersionLoggerListener.log Argument de la ligne de commande : -Dsun.stdout.encoding=UTF-8
13-May-2024 09:07:40.185 INFO [main] org.apache.catalina.startup.VersionLoggerListener.log Argument de la ligne de commande : -Dsun.stderr.encoding=UTF-8
13-May-2024 09:07:40.190 INFO [main] org.apache.catalina.core.AprLifecycleListener.lifecycleEvent La librairie Apache Tomcat Native basée sur APR qui permet des performances optimales dans les environnements de production n'a pas été trouvée sur le java.library.path : [/Users/mac/Library/Java/Extensions:/Library/Java/Extensions:/Network/Library/Java/Extensions:/System/Library/Java/Extensions:/usr/lib/java:.]
13-May-2024 09:07:40.353 INFO [main] org.apache.coyote.AbstractProtocol.init Initialisation du gestionnaire de protocole ["http-nio-8080"]
13-May-2024 09:07:40.358 SEVERE [main] org.apache.catalina.util.LifecycleBase.handleSubClassException Echec d'initialisation du composant [Connector["http-nio-8080"]]
	org.apache.catalina.LifecycleException: L'initialisation du gestionnaire de protocole a échoué
		at org.apache.catalina.connector.Connector.initInternal(Connector.java:1015)
		at org.apache.catalina.util.LifecycleBase.init(LifecycleBase.java:127)
		at org.apache.catalina.core.StandardService.initInternal(StandardService.java:554)
		at org.apache.catalina.util.LifecycleBase.init(LifecycleBase.java:127)
		at org.apache.catalina.core.StandardServer.initInternal(StandardServer.java:1017)
		at org.apache.catalina.util.LifecycleBase.init(LifecycleBase.java:127)
		at org.apache.catalina.startup.Catalina.load(Catalina.java:708)
		at org.apache.catalina.startup.Catalina.load(Catalina.java:731)
		at java.base/jdk.internal.reflect.DirectMethodHandleAccessor.invoke(DirectMethodHandleAccessor.java:103)
		at java.base/java.lang.reflect.Method.invoke(Method.java:580)
		at org.apache.catalina.startup.Bootstrap.load(Bootstrap.java:302)
		at org.apache.catalina.startup.Bootstrap.main(Bootstrap.java:475)
	Caused by: java.net.BindException: Address already in use
		at java.base/sun.nio.ch.Net.bind0(Native Method)
		at java.base/sun.nio.ch.Net.bind(Net.java:565)
		at java.base/sun.nio.ch.ServerSocketChannelImpl.netBind(ServerSocketChannelImpl.java:344)
		at java.base/sun.nio.ch.ServerSocketChannelImpl.bind(ServerSocketChannelImpl.java:301)
		at org.apache.tomcat.util.net.NioEndpoint.initServerSocket(NioEndpoint.java:247)
		at org.apache.tomcat.util.net.NioEndpoint.bind(NioEndpoint.java:202)
		at org.apache.tomcat.util.net.AbstractEndpoint.bindWithCleanup(AbstractEndpoint.java:1282)
		at org.apache.tomcat.util.net.AbstractEndpoint.init(AbstractEndpoint.java:1295)
		at org.apache.coyote.AbstractProtocol.init(AbstractProtocol.java:624)
		at org.apache.coyote.http11.AbstractHttp11Protocol.init(AbstractHttp11Protocol.java:77)
		at org.apache.catalina.connector.Connector.initInternal(Connector.java:1013)
		... 11 more
13-May-2024 09:07:40.359 INFO [main] org.apache.catalina.startup.Catalina.load L'initialisation du serveur a pris [316] millisecondes
13-May-2024 09:07:40.378 INFO [main] org.apache.catalina.core.StandardService.startInternal Démarrage du service [Catalina]
13-May-2024 09:07:40.378 INFO [main] org.apache.catalina.core.StandardEngine.startInternal Démarrage du moteur de Servlets : [Apache Tomcat/10.1.19]
13-May-2024 09:07:40.382 INFO [main] org.apache.catalina.startup.HostConfig.deployDescriptor Déploiement du descripteur de configuration [/Users/mac/Desktop/App EFM/src/main/webapp/TRANSPORT-APP/conf/Catalina/localhost/offres.xml]
13-May-2024 09:07:40.568 INFO [main] org.apache.catalina.startup.HostConfig.deployDescriptor Le traitement du descripteur de déploiement [/Users/mac/Desktop/App EFM/src/main/webapp/TRANSPORT-APP/conf/Catalina/localhost/offres.xml] a pris [185] ms
13-May-2024 09:07:40.570 INFO [main] org.apache.catalina.startup.Catalina.start Le démarrage du serveur a pris [211] millisecondes
13-May-2024 09:07:40.572 SEVERE [main] org.apache.catalina.core.StandardServer.await Impossible de créer le sokcet d'arrêt du serveur à l'adresse [localhost] et au port [8005] (port de base [8005] et offset [0])
	java.net.BindException: Address already in use
		at java.base/sun.nio.ch.Net.bind0(Native Method)
		at java.base/sun.nio.ch.Net.bind(Net.java:565)
		at java.base/sun.nio.ch.Net.bind(Net.java:554)
		at java.base/sun.nio.ch.NioSocketImpl.bind(NioSocketImpl.java:636)
		at java.base/java.net.ServerSocket.bind(ServerSocket.java:391)
		at java.base/java.net.ServerSocket.<init>(ServerSocket.java:278)
		at org.apache.catalina.core.StandardServer.await(StandardServer.java:577)
		at org.apache.catalina.startup.Catalina.await(Catalina.java:847)
		at org.apache.catalina.startup.Catalina.start(Catalina.java:795)
		at java.base/jdk.internal.reflect.DirectMethodHandleAccessor.invoke(DirectMethodHandleAccessor.java:103)
		at java.base/java.lang.reflect.Method.invoke(Method.java:580)
		at org.apache.catalina.startup.Bootstrap.start(Bootstrap.java:345)
		at org.apache.catalina.startup.Bootstrap.main(Bootstrap.java:476)
13-May-2024 09:07:40.573 INFO [main] org.apache.coyote.AbstractProtocol.pause Le gestionnaire de protocole ["http-nio-8080"] est mis en pause
13-May-2024 09:07:40.573 INFO [main] org.apache.catalina.core.StandardService.stopInternal Arrêt du service [Catalina]
13-May-2024 09:07:40.578 INFO [main] org.apache.coyote.AbstractProtocol.stop Arrêt du gestionnaire de protocole ["http-nio-8080"]
13-May-2024 09:07:40.579 INFO [main] org.apache.coyote.AbstractProtocol.destroy Destruction du gestionnaire de protocole ["http-nio-8080"]
13-May-2024 09:09:27.143 INFO [main] org.apache.catalina.startup.VersionLoggerListener.log Nom version serveur :              Apache Tomcat/10.1.19
13-May-2024 09:09:27.147 INFO [main] org.apache.catalina.startup.VersionLoggerListener.log Serveur compilé :                  Feb 14 2024 19:36:50 UTC
13-May-2024 09:09:27.147 INFO [main] org.apache.catalina.startup.VersionLoggerListener.log Version du serveur :               10.1.19.0
13-May-2024 09:09:27.147 INFO [main] org.apache.catalina.startup.VersionLoggerListener.log Nom de l'OS :                      Mac OS X
13-May-2024 09:09:27.147 INFO [main] org.apache.catalina.startup.VersionLoggerListener.log Version OS :                       14.4.1
13-May-2024 09:09:27.147 INFO [main] org.apache.catalina.startup.VersionLoggerListener.log Architecture :                     aarch64
13-May-2024 09:09:27.147 INFO [main] org.apache.catalina.startup.VersionLoggerListener.log Java Home :                        /Library/Java/JavaVirtualMachines/jdk-21.jdk/Contents/Home
13-May-2024 09:09:27.148 INFO [main] org.apache.catalina.startup.VersionLoggerListener.log Version JVM :                      21+35-LTS-2513
13-May-2024 09:09:27.148 INFO [main] org.apache.catalina.startup.VersionLoggerListener.log Fournisseur de la JVM :            Oracle Corporation
13-May-2024 09:09:27.148 INFO [main] org.apache.catalina.startup.VersionLoggerListener.log CATALINA_BASE :                    /Users/mac/Desktop/App EFM/src/main/webapp/TRANSPORT-APP
13-May-2024 09:09:27.148 INFO [main] org.apache.catalina.startup.VersionLoggerListener.log CATALINA_HOME :                    /Users/mac/Downloads/apache-tomcat-10.1.19
13-May-2024 09:09:27.154 INFO [main] org.apache.catalina.startup.VersionLoggerListener.log Argument de la ligne de commande : --add-opens=java.base/java.lang=ALL-UNNAMED
13-May-2024 09:09:27.154 INFO [main] org.apache.catalina.startup.VersionLoggerListener.log Argument de la ligne de commande : --add-opens=java.base/java.io=ALL-UNNAMED
13-May-2024 09:09:27.154 INFO [main] org.apache.catalina.startup.VersionLoggerListener.log Argument de la ligne de commande : --add-opens=java.base/java.util=ALL-UNNAMED
13-May-2024 09:09:27.154 INFO [main] org.apache.catalina.startup.VersionLoggerListener.log Argument de la ligne de commande : --add-opens=java.base/java.util.concurrent=ALL-UNNAMED
13-May-2024 09:09:27.154 INFO [main] org.apache.catalina.startup.VersionLoggerListener.log Argument de la ligne de commande : --add-opens=java.rmi/sun.rmi.transport=ALL-UNNAMED
13-May-2024 09:09:27.154 INFO [main] org.apache.catalina.startup.VersionLoggerListener.log Argument de la ligne de commande : -Dcatalina.home=/Users/mac/Downloads/apache-tomcat-10.1.19
13-May-2024 09:09:27.154 INFO [main] org.apache.catalina.startup.VersionLoggerListener.log Argument de la ligne de commande : -Dcatalina.base=/Users/mac/Desktop/App EFM/src/main/webapp/TRANSPORT-APP
13-May-2024 09:09:27.154 INFO [main] org.apache.catalina.startup.VersionLoggerListener.log Argument de la ligne de commande : -Djava.io.tmpdir=/Users/mac/Desktop/App EFM/src/main/webapp/TRANSPORT-APP/temp
13-May-2024 09:09:27.155 INFO [main] org.apache.catalina.startup.VersionLoggerListener.log Argument de la ligne de commande : -Djava.util.logging.config.file=/Users/mac/Desktop/App EFM/src/main/webapp/TRANSPORT-APP/conf/logging.properties
13-May-2024 09:09:27.155 INFO [main] org.apache.catalina.startup.VersionLoggerListener.log Argument de la ligne de commande : -Djava.util.logging.manager=org.apache.juli.ClassLoaderLogManager
13-May-2024 09:09:27.155 INFO [main] org.apache.catalina.startup.VersionLoggerListener.log Argument de la ligne de commande : -javaagent:/Applications/IntelliJ IDEA CE.app/Contents/lib/idea_rt.jar=59290:/Applications/IntelliJ IDEA CE.app/Contents/bin
13-May-2024 09:09:27.155 INFO [main] org.apache.catalina.startup.VersionLoggerListener.log Argument de la ligne de commande : -Dfile.encoding=UTF-8
13-May-2024 09:09:27.155 INFO [main] org.apache.catalina.startup.VersionLoggerListener.log Argument de la ligne de commande : -Dsun.stdout.encoding=UTF-8
13-May-2024 09:09:27.155 INFO [main] org.apache.catalina.startup.VersionLoggerListener.log Argument de la ligne de commande : -Dsun.stderr.encoding=UTF-8
13-May-2024 09:09:27.159 INFO [main] org.apache.catalina.core.AprLifecycleListener.lifecycleEvent La librairie Apache Tomcat Native basée sur APR qui permet des performances optimales dans les environnements de production n'a pas été trouvée sur le java.library.path : [/Users/mac/Library/Java/Extensions:/Library/Java/Extensions:/Network/Library/Java/Extensions:/System/Library/Java/Extensions:/usr/lib/java:.]
13-May-2024 09:09:27.323 INFO [main] org.apache.coyote.AbstractProtocol.init Initialisation du gestionnaire de protocole ["http-nio-8080"]
13-May-2024 09:09:27.328 SEVERE [main] org.apache.catalina.util.LifecycleBase.handleSubClassException Echec d'initialisation du composant [Connector["http-nio-8080"]]
	org.apache.catalina.LifecycleException: L'initialisation du gestionnaire de protocole a échoué
		at org.apache.catalina.connector.Connector.initInternal(Connector.java:1015)
		at org.apache.catalina.util.LifecycleBase.init(LifecycleBase.java:127)
		at org.apache.catalina.core.StandardService.initInternal(StandardService.java:554)
		at org.apache.catalina.util.LifecycleBase.init(LifecycleBase.java:127)
		at org.apache.catalina.core.StandardServer.initInternal(StandardServer.java:1017)
		at org.apache.catalina.util.LifecycleBase.init(LifecycleBase.java:127)
		at org.apache.catalina.startup.Catalina.load(Catalina.java:708)
		at org.apache.catalina.startup.Catalina.load(Catalina.java:731)
		at java.base/jdk.internal.reflect.DirectMethodHandleAccessor.invoke(DirectMethodHandleAccessor.java:103)
		at java.base/java.lang.reflect.Method.invoke(Method.java:580)
		at org.apache.catalina.startup.Bootstrap.load(Bootstrap.java:302)
		at org.apache.catalina.startup.Bootstrap.main(Bootstrap.java:475)
	Caused by: java.net.BindException: Address already in use
		at java.base/sun.nio.ch.Net.bind0(Native Method)
		at java.base/sun.nio.ch.Net.bind(Net.java:565)
		at java.base/sun.nio.ch.ServerSocketChannelImpl.netBind(ServerSocketChannelImpl.java:344)
		at java.base/sun.nio.ch.ServerSocketChannelImpl.bind(ServerSocketChannelImpl.java:301)
		at org.apache.tomcat.util.net.NioEndpoint.initServerSocket(NioEndpoint.java:247)
		at org.apache.tomcat.util.net.NioEndpoint.bind(NioEndpoint.java:202)
		at org.apache.tomcat.util.net.AbstractEndpoint.bindWithCleanup(AbstractEndpoint.java:1282)
		at org.apache.tomcat.util.net.AbstractEndpoint.init(AbstractEndpoint.java:1295)
		at org.apache.coyote.AbstractProtocol.init(AbstractProtocol.java:624)
		at org.apache.coyote.http11.AbstractHttp11Protocol.init(AbstractHttp11Protocol.java:77)
		at org.apache.catalina.connector.Connector.initInternal(Connector.java:1013)
		... 11 more
13-May-2024 09:09:27.329 INFO [main] org.apache.catalina.startup.Catalina.load L'initialisation du serveur a pris [287] millisecondes
13-May-2024 09:09:27.352 INFO [main] org.apache.catalina.core.StandardService.startInternal Démarrage du service [Catalina]
13-May-2024 09:09:27.352 INFO [main] org.apache.catalina.core.StandardEngine.startInternal Démarrage du moteur de Servlets : [Apache Tomcat/10.1.19]
13-May-2024 09:09:27.356 INFO [main] org.apache.catalina.startup.HostConfig.deployDescriptor Déploiement du descripteur de configuration [/Users/mac/Desktop/App EFM/src/main/webapp/TRANSPORT-APP/conf/Catalina/localhost/offres.xml]
13-May-2024 09:09:27.532 INFO [main] org.apache.catalina.startup.HostConfig.deployDescriptor Le traitement du descripteur de déploiement [/Users/mac/Desktop/App EFM/src/main/webapp/TRANSPORT-APP/conf/Catalina/localhost/offres.xml] a pris [175] ms
13-May-2024 09:09:27.534 INFO [main] org.apache.catalina.startup.Catalina.start Le démarrage du serveur a pris [205] millisecondes
13-May-2024 09:10:11.062 INFO [Thread-1] org.apache.coyote.AbstractProtocol.pause Le gestionnaire de protocole ["http-nio-8080"] est mis en pause
13-May-2024 09:10:11.062 INFO [Thread-1] org.apache.catalina.core.StandardService.stopInternal Arrêt du service [Catalina]
13-May-2024 09:10:11.073 INFO [Thread-1] org.apache.coyote.AbstractProtocol.stop Arrêt du gestionnaire de protocole ["http-nio-8080"]
13-May-2024 09:10:11.073 INFO [Thread-1] org.apache.coyote.AbstractProtocol.destroy Destruction du gestionnaire de protocole ["http-nio-8080"]
13-May-2024 09:10:12.855 INFO [main] org.apache.catalina.startup.VersionLoggerListener.log Nom version serveur :              Apache Tomcat/10.1.19
13-May-2024 09:10:12.857 INFO [main] org.apache.catalina.startup.VersionLoggerListener.log Serveur compilé :                  Feb 14 2024 19:36:50 UTC
13-May-2024 09:10:12.857 INFO [main] org.apache.catalina.startup.VersionLoggerListener.log Version du serveur :               10.1.19.0
13-May-2024 09:10:12.858 INFO [main] org.apache.catalina.startup.VersionLoggerListener.log Nom de l'OS :                      Mac OS X
13-May-2024 09:10:12.858 INFO [main] org.apache.catalina.startup.VersionLoggerListener.log Version OS :                       14.4.1
13-May-2024 09:10:12.858 INFO [main] org.apache.catalina.startup.VersionLoggerListener.log Architecture :                     aarch64
13-May-2024 09:10:12.858 INFO [main] org.apache.catalina.startup.VersionLoggerListener.log Java Home :                        /Library/Java/JavaVirtualMachines/jdk-21.jdk/Contents/Home
13-May-2024 09:10:12.858 INFO [main] org.apache.catalina.startup.VersionLoggerListener.log Version JVM :                      21+35-LTS-2513
13-May-2024 09:10:12.858 INFO [main] org.apache.catalina.startup.VersionLoggerListener.log Fournisseur de la JVM :            Oracle Corporation
13-May-2024 09:10:12.858 INFO [main] org.apache.catalina.startup.VersionLoggerListener.log CATALINA_BASE :                    /Users/mac/Desktop/App EFM/src/main/webapp/TRANSPORT-APP
13-May-2024 09:10:12.858 INFO [main] org.apache.catalina.startup.VersionLoggerListener.log CATALINA_HOME :                    /Users/mac/Downloads/apache-tomcat-10.1.19
13-May-2024 09:10:12.864 INFO [main] org.apache.catalina.startup.VersionLoggerListener.log Argument de la ligne de commande : --add-opens=java.base/java.lang=ALL-UNNAMED
13-May-2024 09:10:12.864 INFO [main] org.apache.catalina.startup.VersionLoggerListener.log Argument de la ligne de commande : --add-opens=java.base/java.io=ALL-UNNAMED
13-May-2024 09:10:12.864 INFO [main] org.apache.catalina.startup.VersionLoggerListener.log Argument de la ligne de commande : --add-opens=java.base/java.util=ALL-UNNAMED
13-May-2024 09:10:12.864 INFO [main] org.apache.catalina.startup.VersionLoggerListener.log Argument de la ligne de commande : --add-opens=java.base/java.util.concurrent=ALL-UNNAMED
13-May-2024 09:10:12.864 INFO [main] org.apache.catalina.startup.VersionLoggerListener.log Argument de la ligne de commande : --add-opens=java.rmi/sun.rmi.transport=ALL-UNNAMED
13-May-2024 09:10:12.864 INFO [main] org.apache.catalina.startup.VersionLoggerListener.log Argument de la ligne de commande : -Dcatalina.home=/Users/mac/Downloads/apache-tomcat-10.1.19
13-May-2024 09:10:12.864 INFO [main] org.apache.catalina.startup.VersionLoggerListener.log Argument de la ligne de commande : -Dcatalina.base=/Users/mac/Desktop/App EFM/src/main/webapp/TRANSPORT-APP
13-May-2024 09:10:12.864 INFO [main] org.apache.catalina.startup.VersionLoggerListener.log Argument de la ligne de commande : -Djava.io.tmpdir=/Users/mac/Desktop/App EFM/src/main/webapp/TRANSPORT-APP/temp
13-May-2024 09:10:12.864 INFO [main] org.apache.catalina.startup.VersionLoggerListener.log Argument de la ligne de commande : -Djava.util.logging.config.file=/Users/mac/Desktop/App EFM/src/main/webapp/TRANSPORT-APP/conf/logging.properties
13-May-2024 09:10:12.864 INFO [main] org.apache.catalina.startup.VersionLoggerListener.log Argument de la ligne de commande : -Djava.util.logging.manager=org.apache.juli.ClassLoaderLogManager
13-May-2024 09:10:12.864 INFO [main] org.apache.catalina.startup.VersionLoggerListener.log Argument de la ligne de commande : -javaagent:/Applications/IntelliJ IDEA CE.app/Contents/lib/idea_rt.jar=59295:/Applications/IntelliJ IDEA CE.app/Contents/bin
13-May-2024 09:10:12.864 INFO [main] org.apache.catalina.startup.VersionLoggerListener.log Argument de la ligne de commande : -Dfile.encoding=UTF-8
13-May-2024 09:10:12.864 INFO [main] org.apache.catalina.startup.VersionLoggerListener.log Argument de la ligne de commande : -Dsun.stdout.encoding=UTF-8
13-May-2024 09:10:12.864 INFO [main] org.apache.catalina.startup.VersionLoggerListener.log Argument de la ligne de commande : -Dsun.stderr.encoding=UTF-8
13-May-2024 09:10:12.869 INFO [main] org.apache.catalina.core.AprLifecycleListener.lifecycleEvent La librairie Apache Tomcat Native basée sur APR qui permet des performances optimales dans les environnements de production n'a pas été trouvée sur le java.library.path : [/Users/mac/Library/Java/Extensions:/Library/Java/Extensions:/Network/Library/Java/Extensions:/System/Library/Java/Extensions:/usr/lib/java:.]
13-May-2024 09:10:13.043 INFO [main] org.apache.coyote.AbstractProtocol.init Initialisation du gestionnaire de protocole ["http-nio-8080"]
13-May-2024 09:10:13.049 SEVERE [main] org.apache.catalina.util.LifecycleBase.handleSubClassException Echec d'initialisation du composant [Connector["http-nio-8080"]]
	org.apache.catalina.LifecycleException: L'initialisation du gestionnaire de protocole a échoué
		at org.apache.catalina.connector.Connector.initInternal(Connector.java:1015)
		at org.apache.catalina.util.LifecycleBase.init(LifecycleBase.java:127)
		at org.apache.catalina.core.StandardService.initInternal(StandardService.java:554)
		at org.apache.catalina.util.LifecycleBase.init(LifecycleBase.java:127)
		at org.apache.catalina.core.StandardServer.initInternal(StandardServer.java:1017)
		at org.apache.catalina.util.LifecycleBase.init(LifecycleBase.java:127)
		at org.apache.catalina.startup.Catalina.load(Catalina.java:708)
		at org.apache.catalina.startup.Catalina.load(Catalina.java:731)
		at java.base/jdk.internal.reflect.DirectMethodHandleAccessor.invoke(DirectMethodHandleAccessor.java:103)
		at java.base/java.lang.reflect.Method.invoke(Method.java:580)
		at org.apache.catalina.startup.Bootstrap.load(Bootstrap.java:302)
		at org.apache.catalina.startup.Bootstrap.main(Bootstrap.java:475)
	Caused by: java.net.BindException: Address already in use
		at java.base/sun.nio.ch.Net.bind0(Native Method)
		at java.base/sun.nio.ch.Net.bind(Net.java:565)
		at java.base/sun.nio.ch.ServerSocketChannelImpl.netBind(ServerSocketChannelImpl.java:344)
		at java.base/sun.nio.ch.ServerSocketChannelImpl.bind(ServerSocketChannelImpl.java:301)
		at org.apache.tomcat.util.net.NioEndpoint.initServerSocket(NioEndpoint.java:247)
		at org.apache.tomcat.util.net.NioEndpoint.bind(NioEndpoint.java:202)
		at org.apache.tomcat.util.net.AbstractEndpoint.bindWithCleanup(AbstractEndpoint.java:1282)
		at org.apache.tomcat.util.net.AbstractEndpoint.init(AbstractEndpoint.java:1295)
		at org.apache.coyote.AbstractProtocol.init(AbstractProtocol.java:624)
		at org.apache.coyote.http11.AbstractHttp11Protocol.init(AbstractHttp11Protocol.java:77)
		at org.apache.catalina.connector.Connector.initInternal(Connector.java:1013)
		... 11 more
13-May-2024 09:10:13.050 INFO [main] org.apache.catalina.startup.Catalina.load L'initialisation du serveur a pris [296] millisecondes
13-May-2024 09:10:13.074 INFO [main] org.apache.catalina.core.StandardService.startInternal Démarrage du service [Catalina]
13-May-2024 09:10:13.074 INFO [main] org.apache.catalina.core.StandardEngine.startInternal Démarrage du moteur de Servlets : [Apache Tomcat/10.1.19]
13-May-2024 09:10:13.084 INFO [main] org.apache.catalina.startup.HostConfig.deployDescriptor Déploiement du descripteur de configuration [/Users/mac/Desktop/App EFM/src/main/webapp/TRANSPORT-APP/conf/Catalina/localhost/offres.xml]
13-May-2024 09:10:13.256 INFO [main] org.apache.catalina.startup.HostConfig.deployDescriptor Le traitement du descripteur de déploiement [/Users/mac/Desktop/App EFM/src/main/webapp/TRANSPORT-APP/conf/Catalina/localhost/offres.xml] a pris [171] ms
13-May-2024 09:10:13.259 INFO [main] org.apache.catalina.startup.Catalina.start Le démarrage du serveur a pris [208] millisecondes
13-May-2024 09:10:47.778 INFO [Thread-1] org.apache.coyote.AbstractProtocol.pause Le gestionnaire de protocole ["http-nio-8080"] est mis en pause
13-May-2024 09:10:47.778 INFO [Thread-1] org.apache.catalina.core.StandardService.stopInternal Arrêt du service [Catalina]
13-May-2024 09:10:47.789 INFO [Thread-1] org.apache.coyote.AbstractProtocol.stop Arrêt du gestionnaire de protocole ["http-nio-8080"]
13-May-2024 09:10:47.789 INFO [Thread-1] org.apache.coyote.AbstractProtocol.destroy Destruction du gestionnaire de protocole ["http-nio-8080"]
13-May-2024 09:10:50.537 INFO [main] org.apache.catalina.startup.VersionLoggerListener.log Nom version serveur :              Apache Tomcat/10.1.19
13-May-2024 09:10:50.540 INFO [main] org.apache.catalina.startup.VersionLoggerListener.log Serveur compilé :                  Feb 14 2024 19:36:50 UTC
13-May-2024 09:10:50.540 INFO [main] org.apache.catalina.startup.VersionLoggerListener.log Version du serveur :               10.1.19.0
13-May-2024 09:10:50.540 INFO [main] org.apache.catalina.startup.VersionLoggerListener.log Nom de l'OS :                      Mac OS X
13-May-2024 09:10:50.540 INFO [main] org.apache.catalina.startup.VersionLoggerListener.log Version OS :                       14.4.1
13-May-2024 09:10:50.540 INFO [main] org.apache.catalina.startup.VersionLoggerListener.log Architecture :                     aarch64
13-May-2024 09:10:50.540 INFO [main] org.apache.catalina.startup.VersionLoggerListener.log Java Home :                        /Library/Java/JavaVirtualMachines/jdk-21.jdk/Contents/Home
13-May-2024 09:10:50.540 INFO [main] org.apache.catalina.startup.VersionLoggerListener.log Version JVM :                      21+35-LTS-2513
13-May-2024 09:10:50.540 INFO [main] org.apache.catalina.startup.VersionLoggerListener.log Fournisseur de la JVM :            Oracle Corporation
13-May-2024 09:10:50.540 INFO [main] org.apache.catalina.startup.VersionLoggerListener.log CATALINA_BASE :                    /Users/mac/Desktop/App EFM/src/main/webapp/TRANSPORT-APP
13-May-2024 09:10:50.540 INFO [main] org.apache.catalina.startup.VersionLoggerListener.log CATALINA_HOME :                    /Users/mac/Downloads/apache-tomcat-10.1.19
13-May-2024 09:10:50.549 INFO [main] org.apache.catalina.startup.VersionLoggerListener.log Argument de la ligne de commande : --add-opens=java.base/java.lang=ALL-UNNAMED
13-May-2024 09:10:50.549 INFO [main] org.apache.catalina.startup.VersionLoggerListener.log Argument de la ligne de commande : --add-opens=java.base/java.io=ALL-UNNAMED
13-May-2024 09:10:50.549 INFO [main] org.apache.catalina.startup.VersionLoggerListener.log Argument de la ligne de commande : --add-opens=java.base/java.util=ALL-UNNAMED
13-May-2024 09:10:50.549 INFO [main] org.apache.catalina.startup.VersionLoggerListener.log Argument de la ligne de commande : --add-opens=java.base/java.util.concurrent=ALL-UNNAMED
13-May-2024 09:10:50.549 INFO [main] org.apache.catalina.startup.VersionLoggerListener.log Argument de la ligne de commande : --add-opens=java.rmi/sun.rmi.transport=ALL-UNNAMED
13-May-2024 09:10:50.549 INFO [main] org.apache.catalina.startup.VersionLoggerListener.log Argument de la ligne de commande : -Dcatalina.home=/Users/mac/Downloads/apache-tomcat-10.1.19
13-May-2024 09:10:50.549 INFO [main] org.apache.catalina.startup.VersionLoggerListener.log Argument de la ligne de commande : -Dcatalina.base=/Users/mac/Desktop/App EFM/src/main/webapp/TRANSPORT-APP
13-May-2024 09:10:50.549 INFO [main] org.apache.catalina.startup.VersionLoggerListener.log Argument de la ligne de commande : -Djava.io.tmpdir=/Users/mac/Desktop/App EFM/src/main/webapp/TRANSPORT-APP/temp
13-May-2024 09:10:50.549 INFO [main] org.apache.catalina.startup.VersionLoggerListener.log Argument de la ligne de commande : -Djava.util.logging.config.file=/Users/mac/Desktop/App EFM/src/main/webapp/TRANSPORT-APP/conf/logging.properties
13-May-2024 09:10:50.549 INFO [main] org.apache.catalina.startup.VersionLoggerListener.log Argument de la ligne de commande : -Djava.util.logging.manager=org.apache.juli.ClassLoaderLogManager
13-May-2024 09:10:50.549 INFO [main] org.apache.catalina.startup.VersionLoggerListener.log Argument de la ligne de commande : -javaagent:/Applications/IntelliJ IDEA CE.app/Contents/lib/idea_rt.jar=59300:/Applications/IntelliJ IDEA CE.app/Contents/bin
13-May-2024 09:10:50.549 INFO [main] org.apache.catalina.startup.VersionLoggerListener.log Argument de la ligne de commande : -Dfile.encoding=UTF-8
13-May-2024 09:10:50.550 INFO [main] org.apache.catalina.startup.VersionLoggerListener.log Argument de la ligne de commande : -Dsun.stdout.encoding=UTF-8
13-May-2024 09:10:50.550 INFO [main] org.apache.catalina.startup.VersionLoggerListener.log Argument de la ligne de commande : -Dsun.stderr.encoding=UTF-8
13-May-2024 09:10:50.556 INFO [main] org.apache.catalina.core.AprLifecycleListener.lifecycleEvent La librairie Apache Tomcat Native basée sur APR qui permet des performances optimales dans les environnements de production n'a pas été trouvée sur le java.library.path : [/Users/mac/Library/Java/Extensions:/Library/Java/Extensions:/Network/Library/Java/Extensions:/System/Library/Java/Extensions:/usr/lib/java:.]
13-May-2024 09:10:50.732 INFO [main] org.apache.coyote.AbstractProtocol.init Initialisation du gestionnaire de protocole ["http-nio-8088"]
13-May-2024 09:10:50.742 INFO [main] org.apache.catalina.startup.Catalina.load L'initialisation du serveur a pris [299] millisecondes
13-May-2024 09:10:50.775 INFO [main] org.apache.catalina.core.StandardService.startInternal Démarrage du service [Catalina]
13-May-2024 09:10:50.775 INFO [main] org.apache.catalina.core.StandardEngine.startInternal Démarrage du moteur de Servlets : [Apache Tomcat/10.1.19]
13-May-2024 09:10:50.781 INFO [main] org.apache.catalina.startup.HostConfig.deployDescriptor Déploiement du descripteur de configuration [/Users/mac/Desktop/App EFM/src/main/webapp/TRANSPORT-APP/conf/Catalina/localhost/offres.xml]
13-May-2024 09:10:50.932 INFO [main] org.apache.catalina.startup.HostConfig.deployDescriptor Le traitement du descripteur de déploiement [/Users/mac/Desktop/App EFM/src/main/webapp/TRANSPORT-APP/conf/Catalina/localhost/offres.xml] a pris [149] ms
13-May-2024 09:10:50.934 INFO [main] org.apache.coyote.AbstractProtocol.start Démarrage du gestionnaire de protocole ["http-nio-8088"]
13-May-2024 09:10:50.940 INFO [main] org.apache.catalina.startup.Catalina.start Le démarrage du serveur a pris [196] millisecondes
13-May-2024 09:12:07.637 INFO [Thread-1] org.apache.coyote.AbstractProtocol.pause Le gestionnaire de protocole ["http-nio-8088"] est mis en pause
13-May-2024 09:12:07.639 INFO [Thread-1] org.apache.catalina.core.StandardService.stopInternal Arrêt du service [Catalina]
13-May-2024 09:12:07.648 INFO [Thread-1] org.apache.coyote.AbstractProtocol.stop Arrêt du gestionnaire de protocole ["http-nio-8088"]
13-May-2024 09:12:07.652 INFO [Thread-1] org.apache.coyote.AbstractProtocol.destroy Destruction du gestionnaire de protocole ["http-nio-8088"]
13-May-2024 09:12:08.612 INFO [main] org.apache.catalina.startup.VersionLoggerListener.log Nom version serveur :              Apache Tomcat/10.1.19
13-May-2024 09:12:08.614 INFO [main] org.apache.catalina.startup.VersionLoggerListener.log Serveur compilé :                  Feb 14 2024 19:36:50 UTC
13-May-2024 09:12:08.614 INFO [main] org.apache.catalina.startup.VersionLoggerListener.log Version du serveur :               10.1.19.0
13-May-2024 09:12:08.614 INFO [main] org.apache.catalina.startup.VersionLoggerListener.log Nom de l'OS :                      Mac OS X
13-May-2024 09:12:08.615 INFO [main] org.apache.catalina.startup.VersionLoggerListener.log Version OS :                       14.4.1
13-May-2024 09:12:08.615 INFO [main] org.apache.catalina.startup.VersionLoggerListener.log Architecture :                     aarch64
13-May-2024 09:12:08.615 INFO [main] org.apache.catalina.startup.VersionLoggerListener.log Java Home :                        /Library/Java/JavaVirtualMachines/jdk-21.jdk/Contents/Home
13-May-2024 09:12:08.615 INFO [main] org.apache.catalina.startup.VersionLoggerListener.log Version JVM :                      21+35-LTS-2513
13-May-2024 09:12:08.615 INFO [main] org.apache.catalina.startup.VersionLoggerListener.log Fournisseur de la JVM :            Oracle Corporation
13-May-2024 09:12:08.615 INFO [main] org.apache.catalina.startup.VersionLoggerListener.log CATALINA_BASE :                    /Users/mac/Desktop/App EFM/src/main/webapp/TRANSPORT-APP
13-May-2024 09:12:08.615 INFO [main] org.apache.catalina.startup.VersionLoggerListener.log CATALINA_HOME :                    /Users/mac/Downloads/apache-tomcat-10.1.19
13-May-2024 09:12:08.623 INFO [main] org.apache.catalina.startup.VersionLoggerListener.log Argument de la ligne de commande : --add-opens=java.base/java.lang=ALL-UNNAMED
13-May-2024 09:12:08.623 INFO [main] org.apache.catalina.startup.VersionLoggerListener.log Argument de la ligne de commande : --add-opens=java.base/java.io=ALL-UNNAMED
13-May-2024 09:12:08.623 INFO [main] org.apache.catalina.startup.VersionLoggerListener.log Argument de la ligne de commande : --add-opens=java.base/java.util=ALL-UNNAMED
13-May-2024 09:12:08.623 INFO [main] org.apache.catalina.startup.VersionLoggerListener.log Argument de la ligne de commande : --add-opens=java.base/java.util.concurrent=ALL-UNNAMED
13-May-2024 09:12:08.623 INFO [main] org.apache.catalina.startup.VersionLoggerListener.log Argument de la ligne de commande : --add-opens=java.rmi/sun.rmi.transport=ALL-UNNAMED
13-May-2024 09:12:08.623 INFO [main] org.apache.catalina.startup.VersionLoggerListener.log Argument de la ligne de commande : -Dcatalina.home=/Users/mac/Downloads/apache-tomcat-10.1.19
13-May-2024 09:12:08.624 INFO [main] org.apache.catalina.startup.VersionLoggerListener.log Argument de la ligne de commande : -Dcatalina.base=/Users/mac/Desktop/App EFM/src/main/webapp/TRANSPORT-APP
13-May-2024 09:12:08.624 INFO [main] org.apache.catalina.startup.VersionLoggerListener.log Argument de la ligne de commande : -Djava.io.tmpdir=/Users/mac/Desktop/App EFM/src/main/webapp/TRANSPORT-APP/temp
13-May-2024 09:12:08.624 INFO [main] org.apache.catalina.startup.VersionLoggerListener.log Argument de la ligne de commande : -Djava.util.logging.config.file=/Users/mac/Desktop/App EFM/src/main/webapp/TRANSPORT-APP/conf/logging.properties
13-May-2024 09:12:08.624 INFO [main] org.apache.catalina.startup.VersionLoggerListener.log Argument de la ligne de commande : -Djava.util.logging.manager=org.apache.juli.ClassLoaderLogManager
13-May-2024 09:12:08.624 INFO [main] org.apache.catalina.startup.VersionLoggerListener.log Argument de la ligne de commande : -javaagent:/Applications/IntelliJ IDEA CE.app/Contents/lib/idea_rt.jar=59306:/Applications/IntelliJ IDEA CE.app/Contents/bin
13-May-2024 09:12:08.624 INFO [main] org.apache.catalina.startup.VersionLoggerListener.log Argument de la ligne de commande : -Dfile.encoding=UTF-8
13-May-2024 09:12:08.624 INFO [main] org.apache.catalina.startup.VersionLoggerListener.log Argument de la ligne de commande : -Dsun.stdout.encoding=UTF-8
13-May-2024 09:12:08.624 INFO [main] org.apache.catalina.startup.VersionLoggerListener.log Argument de la ligne de commande : -Dsun.stderr.encoding=UTF-8
13-May-2024 09:12:08.629 INFO [main] org.apache.catalina.core.AprLifecycleListener.lifecycleEvent La librairie Apache Tomcat Native basée sur APR qui permet des performances optimales dans les environnements de production n'a pas été trouvée sur le java.library.path : [/Users/mac/Library/Java/Extensions:/Library/Java/Extensions:/Network/Library/Java/Extensions:/System/Library/Java/Extensions:/usr/lib/java:.]
13-May-2024 09:12:08.829 INFO [main] org.apache.coyote.AbstractProtocol.init Initialisation du gestionnaire de protocole ["http-nio-8088"]
13-May-2024 09:12:08.844 INFO [main] org.apache.catalina.startup.Catalina.load L'initialisation du serveur a pris [325] millisecondes
13-May-2024 09:12:08.868 INFO [main] org.apache.catalina.core.StandardService.startInternal Démarrage du service [Catalina]
13-May-2024 09:12:08.868 INFO [main] org.apache.catalina.core.StandardEngine.startInternal Démarrage du moteur de Servlets : [Apache Tomcat/10.1.19]
13-May-2024 09:12:08.873 INFO [main] org.apache.catalina.startup.HostConfig.deployDescriptor Déploiement du descripteur de configuration [/Users/mac/Desktop/App EFM/src/main/webapp/TRANSPORT-APP/conf/Catalina/localhost/offres.xml]
13-May-2024 09:12:09.027 INFO [main] org.apache.catalina.startup.HostConfig.deployDescriptor Le traitement du descripteur de déploiement [/Users/mac/Desktop/App EFM/src/main/webapp/TRANSPORT-APP/conf/Catalina/localhost/offres.xml] a pris [153] ms
13-May-2024 09:12:09.028 INFO [main] org.apache.coyote.AbstractProtocol.start Démarrage du gestionnaire de protocole ["http-nio-8088"]
13-May-2024 09:12:09.035 INFO [main] org.apache.catalina.startup.Catalina.start Le démarrage du serveur a pris [190] millisecondes
13-May-2024 09:13:39.937 INFO [Thread-1] org.apache.coyote.AbstractProtocol.pause Le gestionnaire de protocole ["http-nio-8088"] est mis en pause
13-May-2024 09:13:39.939 INFO [Thread-1] org.apache.catalina.core.StandardService.stopInternal Arrêt du service [Catalina]
13-May-2024 09:13:39.948 INFO [Thread-1] org.apache.coyote.AbstractProtocol.stop Arrêt du gestionnaire de protocole ["http-nio-8088"]
13-May-2024 09:13:39.952 INFO [Thread-1] org.apache.coyote.AbstractProtocol.destroy Destruction du gestionnaire de protocole ["http-nio-8088"]
